#
# There is insufficient memory for the Java Runtime Environment to continue.
# Native memory allocation (malloc) failed to allocate 1048576 bytes for AllocateHeap
# Possible reasons:
#   The system is out of physical RAM or swap space
#   The process is running with CompressedOops enabled, and the Java Heap may be blocking the growth of the native heap
# Possible solutions:
#   Reduce memory load on the system
#   Increase physical memory or swap space
#   Check if swap backing store is full
#   Decrease Java heap size (-Xmx/-Xms)
#   Decrease number of Java threads
#   Decrease Java thread stack sizes (-Xss)
#   Set larger code cache with -XX:ReservedCodeCacheSize=
#   JVM is running with Unscaled Compressed Oops mode in which the Java heap is
#     placed in the first 4GB address space. The Java Heap base address is the
#     maximum limit for the native heap growth. Please use -XX:HeapBaseMinAddress
#     to set the Java Heap base and to place the Java Heap above 4GB virtual address.
# This output file may be truncated or incomplete.
#
#  Out of Memory Error (./open/src/hotspot/share/memory/allocation.cpp:44), pid=7000, tid=18408
#
# JRE version:  (14.0.1+7) (build )
# Java VM: Java HotSpot(TM) 64-Bit Server VM (14.0.1+7, mixed mode, sharing, tiered, compressed oops, g1 gc, windows-amd64)
# No core dump will be written. Minidumps are not enabled by default on client versions of Windows
#

---------------  S U M M A R Y ------------

Command Line: -Dapplication.home=C:\Program Files\Java\jdk-14.0.1 --add-modules=ALL-DEFAULT -Xms8m -Djdk.module.main=jdk.compiler jdk.compiler/com.sun.tools.javac.Main -d E:\2nd year\1ST SEM\BSC\ICTC 2101.3 - OOP\java programming\Group6_InventoryManagementSystem\build\classes -classpath E:\2nd year\1ST SEM\BSC\ICTC 2101.3 - OOP\java programming\Group6_InventoryManagementSystem\build\classes;C:\Program Files (x86)\MySQL\Connector J 8.0\mysql-connector-java-8.0.22.jar -sourcepath E:\2nd year\1ST SEM\BSC\ICTC 2101.3 - OOP\java programming\Group6_InventoryManagementSystem\src -target 12 -encoding UTF-8 -g -processorpath C:\mysql-connector-java-8.0.12.jar;C:\Program Files (x86)\MySQL\Connector J 8.0\mysql-connector-java-8.0.22.jar;E:\2nd year\1ST SEM\BSC\ICTC 2101.3 - OOP\java programming\Group6_InventoryManagementSystem\build\empty -s E:\2nd year\1ST SEM\BSC\ICTC 2101.3 - OOP\java programming\Group6_InventoryManagementSystem\build\generated-sources\ap-source-output -source 12 E:\2nd year\1ST SEM\BSC\ICTC 2101.3 - OOP\java programming\Group6_InventoryManagementSystem\src\category.java

Host: Intel(R) Core(TM) i3-1005G1 CPU @ 1.20GHz, 4 cores, 3G,  Windows 10 , 64 bit Build 19041 (10.0.19041.546)
Time: Mon Dec 14 02:48:41 2020 Sri Lanka Standard Time elapsed time: 0 seconds (0d 0h 0m 0s)

---------------  T H R E A D  ---------------

Current thread (0x00000169872ad000):  JavaThread "Unknown thread" [_thread_in_vm, id=18408, stack(0x000000107e500000,0x000000107e600000)]

Stack: [0x000000107e500000,0x000000107e600000]
Native frames: (J=compiled Java code, j=interpreted, Vv=VM code, C=native code)
V  [jvm.dll+0x5f840a]
V  [jvm.dll+0x741e4a]
V  [jvm.dll+0x7435ff]
V  [jvm.dll+0x743c43]
V  [jvm.dll+0x20d288]
V  [jvm.dll+0xa2b2f]
V  [jvm.dll+0x2a97f3]
V  [jvm.dll+0x2a1a3c]
V  [jvm.dll+0x71f718]
V  [jvm.dll+0x321c44]
V  [jvm.dll+0x700b0c]
V  [jvm.dll+0x392dff]
V  [jvm.dll+0x394e71]
C  [jli.dll+0x523b]
C  [ucrtbase.dll+0x214c2]
C  [KERNEL32.DLL+0x17034]
C  [ntdll.dll+0x4cec1]


---------------  P R O C E S S  ---------------

Threads class SMR info:
_java_thread_list=0x00007ffe3ec33078, length=0, elements={
}

Java Threads: ( => current thread )

Other Threads:
  0x00000169872db000 GCTaskThread "GC Thread#0" [stack: 0x000000107e600000,0x000000107e700000] [id=3920]

[error occurred during error reporting (printing all threads), id 0xc0000005, EXCEPTION_ACCESS_VIOLATION (0xc0000005) at pc=0x00007ffe3e45e220]

VM state:not at safepoint (not fully initialized)

VM Mutex/Monitor currently owned by a thread:  ([mutex/lock_event])
[0x00000169872a7f80] Heap_lock - owner thread: 0x00000169872ad000

Heap address: 0x00000000c3a00000, size: 966 MB, Compressed Oops mode: 32-bit
Narrow klass base: 0x0000000000000000, Narrow klass shift: 0

GC Heap History (0 events):
No events

Deoptimization events (0 events):
No events

Classes unloaded (0 events):
No events

Classes redefined (0 events):
No events

Internal exceptions (0 events):
No events

Events (2 events):
Event: 0.017 Loaded shared library C:\Program Files\Java\jdk-14.0.1\bin\java.dll
Event: 0.017 Loaded shared library C:\Program Files\Java\jdk-14.0.1\bin\zip.dll


Dynamic libraries:
0x00007ff64b7f0000 - 0x00007ff64b7f7000 	C:\Program Files\Java\jdk-14.0.1\bin\javac.exe
0x00007ffe80970000 - 0x00007ffe80b66000 	C:\WINDOWS\SYSTEM32\ntdll.dll
0x00007ffe7e9d0000 - 0x00007ffe7ea8d000 	C:\WINDOWS\System32\KERNEL32.DLL
0x00007ffe7e470000 - 0x00007ffe7e738000 	C:\WINDOWS\System32\KERNELBASE.dll
0x00007ffe7e8a0000 - 0x00007ffe7e9a0000 	C:\WINDOWS\System32\ucrtbase.dll
0x00007ffe790b0000 - 0x00007ffe790c8000 	C:\Program Files\Java\jdk-14.0.1\bin\jli.dll
0x00007ffe7f4b0000 - 0x00007ffe7f55c000 	C:\WINDOWS\System32\ADVAPI32.dll
0x00007ffe80720000 - 0x00007ffe807be000 	C:\WINDOWS\System32\msvcrt.dll
0x00007ffe7ffd0000 - 0x00007ffe8006b000 	C:\WINDOWS\System32\sechost.dll
0x00007ffe800d0000 - 0x00007ffe801f4000 	C:\WINDOWS\System32\RPCRT4.dll
0x00007ffe7f310000 - 0x00007ffe7f4b0000 	C:\WINDOWS\System32\USER32.dll
0x00007ffe7e9a0000 - 0x00007ffe7e9c2000 	C:\WINDOWS\System32\win32u.dll
0x00007ffe7f7c0000 - 0x00007ffe7f7ea000 	C:\WINDOWS\System32\GDI32.dll
0x00007ffe7e790000 - 0x00007ffe7e899000 	C:\WINDOWS\System32\gdi32full.dll
0x00007ffe7e190000 - 0x00007ffe7e22d000 	C:\WINDOWS\System32\msvcp_win.dll
0x00007ffe673b0000 - 0x00007ffe6764b000 	C:\WINDOWS\WinSxS\amd64_microsoft.windows.common-controls_6595b64144ccf1df_6.0.19041.488_none_ca04af081b815d21\COMCTL32.dll
0x00007ffe71de0000 - 0x00007ffe71df5000 	C:\Program Files\Java\jdk-14.0.1\bin\VCRUNTIME140.dll
0x00007ffe75b30000 - 0x00007ffe75b3a000 	C:\WINDOWS\SYSTEM32\VERSION.dll
0x00007ffe7f910000 - 0x00007ffe7f940000 	C:\WINDOWS\System32\IMM32.DLL
0x00007ffe647a0000 - 0x00007ffe6483b000 	C:\Program Files\Java\jdk-14.0.1\bin\msvcp140.dll
0x00007ffe3e1b0000 - 0x00007ffe3ecce000 	C:\Program Files\Java\jdk-14.0.1\bin\server\jvm.dll
0x00007ffe80920000 - 0x00007ffe80928000 	C:\WINDOWS\System32\PSAPI.DLL
0x00007ffe79510000 - 0x00007ffe79519000 	C:\WINDOWS\SYSTEM32\WSOCK32.dll
0x00007ffe80650000 - 0x00007ffe806bb000 	C:\WINDOWS\System32\WS2_32.dll
0x00007ffe671a0000 - 0x00007ffe671c7000 	C:\WINDOWS\SYSTEM32\WINMM.dll
0x00007ffe7c9e0000 - 0x00007ffe7c9f2000 	C:\WINDOWS\SYSTEM32\kernel.appcore.dll
0x00007ffe6dd80000 - 0x00007ffe6dd8a000 	C:\Program Files\Java\jdk-14.0.1\bin\jimage.dll
0x00007ffe7bf00000 - 0x00007ffe7c0e4000 	C:\WINDOWS\SYSTEM32\DBGHELP.DLL
0x00007ffe63750000 - 0x00007ffe6377c000 	C:\WINDOWS\SYSTEM32\dbgcore.DLL
0x00007ffe7e3f0000 - 0x00007ffe7e46f000 	C:\WINDOWS\System32\bcryptPrimitives.dll
0x00007ffe6d5b0000 - 0x00007ffe6d5d5000 	C:\Program Files\Java\jdk-14.0.1\bin\java.dll
0x00007ffe6d480000 - 0x00007ffe6d496000 	C:\Program Files\Java\jdk-14.0.1\bin\zip.dll

dbghelp: loaded successfully - version: 4.0.5 - missing functions: none
symbol engine: initialized successfully - sym options: 0x614 - pdb path: .;C:\Program Files\Java\jdk-14.0.1\bin;C:\WINDOWS\SYSTEM32;C:\WINDOWS\WinSxS\amd64_microsoft.windows.common-controls_6595b64144ccf1df_6.0.19041.488_none_ca04af081b815d21;C:\Program Files\Java\jdk-14.0.1\bin\server

VM Arguments:
jvm_args: -Dapplication.home=C:\Program Files\Java\jdk-14.0.1 --add-modules=ALL-DEFAULT -Xms8m -Djdk.module.main=jdk.compiler 
java_command: jdk.compiler/com.sun.tools.javac.Main -d E:\2nd year\1ST SEM\BSC\ICTC 2101.3 - OOP\java programming\Group6_InventoryManagementSystem\build\classes -classpath E:\2nd year\1ST SEM\BSC\ICTC 2101.3 - OOP\java programming\Group6_InventoryManagementSystem\build\classes;C:\Program Files (x86)\MySQL\Connector J 8.0\mysql-connector-java-8.0.22.jar -sourcepath E:\2nd year\1ST SEM\BSC\ICTC 2101.3 - OOP\java programming\Group6_InventoryManagementSystem\src -target 12 -encoding UTF-8 -g -processorpath C:\mysql-connector-java-8.0.12.jar;C:\Program Files (x86)\MySQL\Connector J 8.0\mysql-connector-java-8.0.22.jar;E:\2nd year\1ST SEM\BSC\ICTC 2101.3 - OOP\java programming\Group6_InventoryManagementSystem\build\empty -s E:\2nd year\1ST SEM\BSC\ICTC 2101.3 - OOP\java programming\Group6_InventoryManagementSystem\build\generated-sources\ap-source-output -source 12 E:\2nd year\1ST SEM\BSC\ICTC 2101.3 - OOP\java programming\Group6_InventoryManagementSystem\src\category.java
java_class_path (initial): <not set>
Launcher Type: SUN_STANDARD

[Global flags]
     intx CICompilerCount                          = 3                                         {product} {ergonomic}
     uint ConcGCThreads                            = 1                                         {product} {ergonomic}
     uint G1ConcRefinementThreads                  = 4                                         {product} {ergonomic}
   size_t G1HeapRegionSize                         = 1048576                                   {product} {ergonomic}
    uintx GCDrainStackTargetSize                   = 64                                        {product} {ergonomic}
   size_t InitialHeapSize                          = 8388608                                   {product} {command line}
   size_t MarkStackSize                            = 4194304                                   {product} {ergonomic}
   size_t MaxHeapSize                              = 1012924416                                {product} {ergonomic}
   size_t MinHeapDeltaBytes                        = 1048576                                   {product} {ergonomic}
   size_t MinHeapSize                              = 8388608                                   {product} {command line}
    uintx NonNMethodCodeHeapSize                   = 5832780                                {pd product} {ergonomic}
    uintx NonProfiledCodeHeapSize                  = 122912730                              {pd product} {ergonomic}
    uintx ProfiledCodeHeapSize                     = 122912730                              {pd product} {ergonomic}
    uintx ReservedCodeCacheSize                    = 251658240                              {pd product} {ergonomic}
     bool SegmentedCodeCache                       = true                                      {product} {ergonomic}
   size_t SoftMaxHeapSize                          = 1012924416                             {manageable} {ergonomic}
     bool UseCompressedClassPointers               = true                                 {lp64_product} {ergonomic}
     bool UseCompressedOops                        = true                                 {lp64_product} {ergonomic}
     bool UseG1GC                                  = true                                      {product} {ergonomic}
     bool UseLargePagesIndividualAllocation        = false                                  {pd product} {ergonomic}

Logging:
Log output configuration:
 #0: stdout all=warning uptime,level,tags
 #1: stderr all=off uptime,level,tags

Environment Variables:
JAVA_HOME=C:\Program Files\Java\jdk-14.0.1
PATH=C:\WINDOWS\system32;C:\WINDOWS;C:\WINDOWS\System32\Wbem;C:\WINDOWS\System32\WindowsPowerShell\v1.0\;C:\WINDOWS\System32\OpenSSH\;C:\Program Files (x86)\Microsoft SQL Server\100\Tools\Binn\;C:\Program Files\Microsoft SQL Server\100\Tools\Binn\;C:\Program Files\Microsoft SQL Server\100\DTS\Binn\;C:\Program Files (x86)\Microsoft SQL Server\150\Tools\Binn\;C:\Program Files\Microsoft SQL Server\150\Tools\Binn\;C:\Program Files (x86)\Microsoft SQL Server\150\DTS\Binn\;C:\Program Files\Microsoft SQL Server\150\DTS\Binn\;C:\Program Files\Microsoft SQL Server\Client SDK\ODBC\170\Tools\Binn\;C:\Program Files\Java\jdk-14.0.1\bin;C:\Program Files\nodejs\;C:\ProgramData\chocolatey\bin;C:\Program Files\Java\jdk-14.0.1;C:\Users\User\AppData\Local\Android\Sdk\platform-tools;C:\Users\User\AppData\Local\Android\Sdk\;C:\Program Files\Git\cmd;C:\Program Files\MySQL\MySQL Shell 8.0\bin\;C:\Users\User\AppData\Local\Programs\Python\Python37\Scripts\;C:\Users\User\AppData\Local\Programs\Python\Python37\;C:\Users\User\AppData\Local\Microsoft\WindowsApps;C:\Users\User\AppData\Roaming\npm;C:\Users\User\AppData\Local\Programs\Microsoft VS Code\bin;C:\Users\User\AppData\Local\GitHubDesktop\bin;C:\xampp\mysql\bin;
USERNAME=User
OS=Windows_NT
PROCESSOR_IDENTIFIER=Intel64 Family 6 Model 126 Stepping 5, GenuineIntel



---------------  S Y S T E M  ---------------

OS: Windows 10 , 64 bit Build 19041 (10.0.19041.546)
OS uptime: 1 days 1:59 hours

CPU:total 4 (initial active 4) (2 cores per cpu, 2 threads per core) family 6 model 126 stepping 5, cmov, cx8, fxsr, mmx, sse, sse2, sse3, ssse3, sse4.1, sse4.2, popcnt, avx, avx2, aes, clmul, erms, 3dnowpref, lzcnt, ht, tsc, tscinvbit, bmi1, bmi2, adx, evex, sha, fma

Memory: 4k page, system-wide physical 3863M (391M free)
TotalPageFile size 15639M (AvailPageFile size 5M)
current process WorkingSet (physical memory assigned to process): 9M, peak: 9M
current process commit charge ("private bytes"): 48M, peak: 49M

vm_info: Java HotSpot(TM) 64-Bit Server VM (14.0.1+7) for windows-amd64 JRE (14.0.1+7), built on Mar  5 2020 10:30:14 by "mach5one" with MS VC++ 15.9 (VS2017)

END.
