#
# There is insufficient memory for the Java Runtime Environment to continue.
# Native memory allocation (malloc) failed to allocate 808 bytes for AllocateHeap
# Possible reasons:
#   The system is out of physical RAM or swap space
#   The process is running with CompressedOops enabled, and the Java Heap may be blocking the growth of the native heap
# Possible solutions:
#   Reduce memory load on the system
#   Increase physical memory or swap space
#   Check if swap backing store is full
#   Decrease Java heap size (-Xmx/-Xms)
#   Decrease number of Java threads
#   Decrease Java thread stack sizes (-Xss)
#   Set larger code cache with -XX:ReservedCodeCacheSize=
#   JVM is running with Unscaled Compressed Oops mode in which the Java heap is
#     placed in the first 4GB address space. The Java Heap base address is the
#     maximum limit for the native heap growth. Please use -XX:HeapBaseMinAddress
#     to set the Java Heap base and to place the Java Heap above 4GB virtual address.
# This output file may be truncated or incomplete.
#
#  Out of Memory Error (./open/src/hotspot/share/memory/allocation.cpp:44), pid=14208, tid=13740
#
# JRE version: Java(TM) SE Runtime Environment (14.0.1+7) (build 14.0.1+7)
# Java VM: Java HotSpot(TM) 64-Bit Server VM (14.0.1+7, mixed mode, sharing, tiered, compressed oops, g1 gc, windows-amd64)
# No core dump will be written. Minidumps are not enabled by default on client versions of Windows
#

---------------  S U M M A R Y ------------

Command Line: -Dapplication.home=C:\Program Files\Java\jdk-14.0.1 --add-modules=ALL-DEFAULT -Xms8m -Djdk.module.main=jdk.compiler jdk.compiler/com.sun.tools.javac.Main -d E:\2nd year\1ST SEM\BSC\ICTC 2101.3 - OOP\java programming\Group6_InventoryManagementSystem\build\classes -classpath E:\2nd year\1ST SEM\BSC\ICTC 2101.3 - OOP\java programming\Group6_InventoryManagementSystem\build\classes;C:\Program Files (x86)\MySQL\Connector J 8.0\mysql-connector-java-8.0.22.jar -sourcepath E:\2nd year\1ST SEM\BSC\ICTC 2101.3 - OOP\java programming\Group6_InventoryManagementSystem\src -target 12 -encoding UTF-8 -g -processorpath C:\mysql-connector-java-8.0.12.jar;C:\Program Files (x86)\MySQL\Connector J 8.0\mysql-connector-java-8.0.22.jar;E:\2nd year\1ST SEM\BSC\ICTC 2101.3 - OOP\java programming\Group6_InventoryManagementSystem\build\empty -s E:\2nd year\1ST SEM\BSC\ICTC 2101.3 - OOP\java programming\Group6_InventoryManagementSystem\build\generated-sources\ap-source-output -source 12 E:\2nd year\1ST SEM\BSC\ICTC 2101.3 - OOP\java programming\Group6_InventoryManagementSystem\src\category.java

Host: Intel(R) Core(TM) i3-1005G1 CPU @ 1.20GHz, 4 cores, 3G,  Windows 10 , 64 bit Build 19041 (10.0.19041.546)
Time: Mon Dec 14 02:49:03 2020 Sri Lanka Standard Time elapsed time: 0 seconds (0d 0h 0m 0s)

---------------  T H R E A D  ---------------

Current thread (0x0000012feb4cd800):  JavaThread "main" [_thread_in_vm, id=13740, stack(0x0000001bc1400000,0x0000001bc1500000)]

Stack: [0x0000001bc1400000,0x0000001bc1500000]
Native frames: (J=compiled Java code, j=interpreted, Vv=VM code, C=native code)
V  [jvm.dll+0x5f840a]
V  [jvm.dll+0x741e4a]
V  [jvm.dll+0x7435ff]
V  [jvm.dll+0x743c43]
V  [jvm.dll+0x20d288]
V  [jvm.dll+0xa2b2f]
V  [jvm.dll+0x5c216c]
V  [jvm.dll+0x5c390a]
V  [jvm.dll+0x3b5c36]
C  0x0000012f8000f417

Java frames: (J=compiled Java code, j=interpreted, Vv=VM code)
j  java.lang.Module.addReads0(Ljava/lang/Module;Ljava/lang/Module;)V+0 java.base@14.0.1
j  java.lang.Module.defineModules(Ljava/lang/module/Configuration;Ljava/util/function/Function;Ljava/lang/ModuleLayer;)Ljava/util/Map;+621 java.base@14.0.1
j  java.lang.ModuleLayer.<init>(Ljava/lang/module/Configuration;Ljava/util/List;Ljava/util/function/Function;)V+34 java.base@14.0.1
j  java.lang.ModuleLayer.defineModules(Ljava/lang/module/Configuration;Ljava/util/List;Ljava/util/function/Function;)Ljava/lang/ModuleLayer$Controller;+40 java.base@14.0.1
j  java.lang.ModuleLayer.defineModules(Ljava/lang/module/Configuration;Ljava/util/function/Function;)Ljava/lang/ModuleLayer;+6 java.base@14.0.1
j  jdk.internal.module.ModuleBootstrap.boot()Ljava/lang/ModuleLayer;+1224 java.base@14.0.1
j  java.lang.System.initPhase2(ZZ)I+0 java.base@14.0.1
v  ~StubRoutines::call_stub

---------------  P R O C E S S  ---------------

Threads class SMR info:
_java_thread_list=0x0000012ff92c20b0, length=10, elements={
0x0000012feb4cd800, 0x0000012feb592000, 0x0000012feb597800, 0x0000012feb5ac000,
0x0000012feb5ae000, 0x0000012ff8ce1800, 0x0000012ff8cee800, 0x0000012ff8cf1800,
0x0000012ff8cfe800, 0x0000012ff930f800
}

Java Threads: ( => current thread )
=>0x0000012feb4cd800 JavaThread "main" [_thread_in_vm, id=13740, stack(0x0000001bc1400000,0x0000001bc1500000)]
  0x0000012feb592000 JavaThread "Reference Handler" daemon [_thread_blocked, id=17444, stack(0x0000001bc1b00000,0x0000001bc1c00000)]
  0x0000012feb597800 JavaThread "Finalizer" daemon [_thread_blocked, id=14292, stack(0x0000001bc1c00000,0x0000001bc1d00000)]
  0x0000012feb5ac000 JavaThread "Signal Dispatcher" daemon [_thread_blocked, id=7532, stack(0x0000001bc1d00000,0x0000001bc1e00000)]
  0x0000012feb5ae000 JavaThread "Attach Listener" daemon [_thread_blocked, id=10052, stack(0x0000001bc1e00000,0x0000001bc1f00000)]
  0x0000012ff8ce1800 JavaThread "Service Thread" daemon [_thread_blocked, id=1320, stack(0x0000001bc1f00000,0x0000001bc2000000)]
  0x0000012ff8cee800 JavaThread "C2 CompilerThread0" daemon [_thread_in_native, id=2580, stack(0x0000001bc2000000,0x0000001bc2100000)]
  0x0000012ff8cf1800 JavaThread "C1 CompilerThread0" daemon [_thread_blocked, id=2672, stack(0x0000001bc2100000,0x0000001bc2200000)]
  0x0000012ff8cfe800 JavaThread "Sweeper thread" daemon [_thread_blocked, id=13348, stack(0x0000001bc2200000,0x0000001bc2300000)]
  0x0000012ff930f800 JavaThread "Common-Cleaner" daemon [_thread_blocked, id=17500, stack(0x0000001bc2300000,0x0000001bc2400000)]

Other Threads:
  0x0000012feb58d000 VMThread "VM Thread" [stack: 0x0000001bc1a00000,0x0000001bc1b00000] [id=12984]
  0x0000012feb4f8800 GCTaskThread "GC Thread#0" [stack: 0x0000001bc1500000,0x0000001bc1600000] [id=15948]
  0x0000012feb504800 ConcurrentGCThread "G1 Main Marker" [stack: 0x0000001bc1600000,0x0000001bc1700000] [id=3012]
  0x0000012feb506800 ConcurrentGCThread "G1 Conc#0" [stack: 0x0000001bc1700000,0x0000001bc1800000] [id=1544]
  0x0000012feb527000 ConcurrentGCThread "G1 Refine#0" [stack: 0x0000001bc1800000,0x0000001bc1900000] [id=2700]
  0x0000012feb528000 ConcurrentGCThread "G1 Young RemSet Sampling" [stack: 0x0000001bc1900000,0x0000001bc1a00000] [id=16188]

Threads with active compile tasks:
C2 CompilerThread0      100  150       4       java.util.HashMap::putVal (300 bytes)

VM state:not at safepoint (normal execution)

VM Mutex/Monitor currently owned by a thread:  ([mutex/lock_event])
[0x0000012feb4c7840] Module_lock - owner thread: 0x0000012feb4cd800

Heap address: 0x00000000c3a00000, size: 966 MB, Compressed Oops mode: 32-bit
Narrow klass base: 0x0000000800000000, Narrow klass shift: 3
Compressed class space size: 1073741824 Address: 0x0000000800b30000

Heap:
 garbage-first heap   total 8192K, used 1024K [0x00000000c3a00000, 0x0000000100000000)
  region size 1024K, 2 young (2048K), 0 survivors (0K)
 Metaspace       used 351K, capacity 755K, committed 1024K, reserved 1060864K
  class space    used 31K, capacity 398K, committed 512K, reserved 1048576K
Heap Regions: E=young(eden), S=young(survivor), O=old, HS=humongous(starts), HC=humongous(continues), CS=collection set, F=free, OA=open archive, CA=closed archive, TAMS=top-at-mark-start (previous, next)
|   0|0x00000000c3a00000, 0x00000000c3a00000, 0x00000000c3b00000|  0%| F|  |TAMS 0x00000000c3a00000, 0x00000000c3a00000| Untracked 
|   1|0x00000000c3b00000, 0x00000000c3b00000, 0x00000000c3c00000|  0%| F|  |TAMS 0x00000000c3b00000, 0x00000000c3b00000| Untracked 
|   2|0x00000000c3c00000, 0x00000000c3c00000, 0x00000000c3d00000|  0%| F|  |TAMS 0x00000000c3c00000, 0x00000000c3c00000| Untracked 
|   3|0x00000000c3d00000, 0x00000000c3d00000, 0x00000000c3e00000|  0%| F|  |TAMS 0x00000000c3d00000, 0x00000000c3d00000| Untracked 
|   4|0x00000000c3e00000, 0x00000000c3e00000, 0x00000000c3f00000|  0%| F|  |TAMS 0x00000000c3e00000, 0x00000000c3e00000| Untracked 
|   5|0x00000000c3f00000, 0x00000000c3f00000, 0x00000000c4000000|  0%| F|  |TAMS 0x00000000c3f00000, 0x00000000c3f00000| Untracked 
|   6|0x00000000c4000000, 0x00000000c403df80, 0x00000000c4100000| 24%| E|  |TAMS 0x00000000c4000000, 0x00000000c4000000| Complete 
|   7|0x00000000c4100000, 0x00000000c4200000, 0x00000000c4200000|100%| E|CS|TAMS 0x00000000c4100000, 0x00000000c4100000| Complete 

Card table byte_map: [0x0000012ff3e70000,0x0000012ff4060000] _byte_map_base: 0x0000012ff3853000

Marking Bits (Prev, Next): (CMBitMap*) 0x0000012feb4fc1f8, (CMBitMap*) 0x0000012feb4fc238
 Prev Bits: [0x0000012ff4250000, 0x0000012ff5168000)
 Next Bits: [0x0000012ff5170000, 0x0000012ff6088000)

Polling page: 0x0000012fe9390000

Metaspace:

Usage:
  Non-class:    357.00 KB capacity,   320.30 KB ( 90%) used,    34.83 KB ( 10%) free+waste,     1.88 KB ( <1%) overhead. 
      Class:    398.00 KB capacity,    31.25 KB (  8%) used,   365.81 KB ( 92%) free+waste,   960 bytes ( <1%) overhead. 
       Both:    755.00 KB capacity,   351.55 KB ( 47%) used,   400.64 KB ( 53%) free+waste,     2.81 KB ( <1%) overhead. 

Virtual space:
  Non-class space:       12.00 MB reserved,     512.00 KB (  4%) committed 
      Class space:        1.00 GB reserved,     512.00 KB ( <1%) committed 
             Both:        1.01 GB reserved,       1.00 MB ( <1%) committed 

Chunk freelists:
   Non-Class:  27.00 KB
       Class:  0 bytes
        Both:  27.00 KB

MaxMetaspaceSize: 17179869184.00 GB
CompressedClassSpaceSize: 1.00 GB

CodeHeap 'non-profiled nmethods': size=120000Kb used=45Kb max_used=45Kb free=119954Kb
 bounds [0x0000012f87ad0000, 0x0000012f87d40000, 0x0000012f8f000000]
CodeHeap 'profiled nmethods': size=120000Kb used=178Kb max_used=178Kb free=119822Kb
 bounds [0x0000012f805a0000, 0x0000012f80810000, 0x0000012f87ad0000]
CodeHeap 'non-nmethods': size=5760Kb used=1090Kb max_used=1104Kb free=4669Kb
 bounds [0x0000012f80000000, 0x0000012f80270000, 0x0000012f805a0000]
 total_blobs=781 nmethods=151 adapters=221
 compilation: enabled
              stopped_count=0, restarted_count=0
 full_count=0

Compilation events (20 events):
Event: 0.086 Thread 0x0000012ff8cee800 nmethod 115 0x0000012f87adab10 code [0x0000012f87adaca0, 0x0000012f87adad78]
Event: 0.086 Thread 0x0000012ff8cee800  130       4       java.lang.String::equals (50 bytes)
Event: 0.086 Thread 0x0000012ff8cf1800 nmethod 143 0x0000012f805c9d90 code [0x0000012f805c9f40, 0x0000012f805ca1f8]
Event: 0.086 Thread 0x0000012ff8cf1800  144       1       java.lang.module.ModuleDescriptor$Version::toString (5 bytes)
Event: 0.086 Thread 0x0000012ff8cf1800 nmethod 144 0x0000012f87adae10 code [0x0000012f87adafa0, 0x0000012f87adb078]
Event: 0.087 Thread 0x0000012ff8cf1800  145       3       java.util.HashMap::keySet (25 bytes)
Event: 0.087 Thread 0x0000012ff8cee800 nmethod 130 0x0000012f87adb110 code [0x0000012f87adb2a0, 0x0000012f87adb498]
Event: 0.087 Thread 0x0000012ff8cf1800 nmethod 145 0x0000012f805ca310 code [0x0000012f805ca4e0, 0x0000012f805ca8d8]
Event: 0.087 Thread 0x0000012ff8cf1800  146       3       java.util.HashMap$KeySet::iterator (12 bytes)
Event: 0.087 Thread 0x0000012ff8cf1800 nmethod 146 0x0000012f805caa10 code [0x0000012f805cabc0, 0x0000012f805cae48]
Event: 0.087 Thread 0x0000012ff8cf1800  147       3       java.util.HashMap$KeyIterator::<init> (11 bytes)
Event: 0.087 Thread 0x0000012ff8cee800  150       4       java.util.HashMap::putVal (300 bytes)
Event: 0.087 Thread 0x0000012ff8cf1800 nmethod 147 0x0000012f805caf10 code [0x0000012f805cb0c0, 0x0000012f805cb268]
Event: 0.087 Thread 0x0000012ff8cf1800  148       3       java.util.HashSet::iterator (13 bytes)
Event: 0.087 Thread 0x0000012ff8cf1800 nmethod 148 0x0000012f805cb310 code [0x0000012f805cb4c0, 0x0000012f805cb778]
Event: 0.087 Thread 0x0000012ff8cf1800  149       3       java.util.ImmutableCollections$Set12::size (13 bytes)
Event: 0.087 Thread 0x0000012ff8cf1800 nmethod 149 0x0000012f805cb890 code [0x0000012f805cba20, 0x0000012f805cbbb8]
Event: 0.087 Thread 0x0000012ff8cf1800  151       3       java.util.ImmutableCollections$Set12::iterator (9 bytes)
Event: 0.088 Thread 0x0000012ff8cf1800 nmethod 151 0x0000012f805cbc90 code [0x0000012f805cbe40, 0x0000012f805cc198]
Event: 0.088 Thread 0x0000012ff8cf1800  152       3       java.util.ImmutableCollections$Set12$1::<init> (21 bytes)

GC Heap History (0 events):
No events

Deoptimization events (0 events):
No events

Classes unloaded (0 events):
No events

Classes redefined (0 events):
No events

Internal exceptions (0 events):
No events

Events (20 events):
Event: 0.052 loading class java/lang/Module$ReflectionData done
Event: 0.052 loading class java/lang/WeakPairMap
Event: 0.052 loading class java/lang/WeakPairMap done
Event: 0.052 loading class java/lang/WeakPairMap$Pair
Event: 0.052 loading class java/lang/WeakPairMap$Pair done
Event: 0.052 loading class java/lang/WeakPairMap$Pair$Lookup
Event: 0.052 loading class java/lang/WeakPairMap$Pair$Lookup done
Event: 0.060 Thread 0x0000012ff930f800 Thread added: 0x0000012ff930f800
Event: 0.061 Executing VM operation: HandshakeOneThread
Event: 0.061 Executing VM operation: HandshakeOneThread done
Event: 0.066 loading class java/lang/invoke/DirectMethodHandle$Interface
Event: 0.066 loading class java/lang/invoke/DirectMethodHandle$Interface done
Event: 0.072 loading class java/lang/module/Resolver
Event: 0.072 loading class java/lang/module/Resolver done
Event: 0.072 loading class java/lang/module/ModuleFinder$1
Event: 0.072 loading class java/lang/module/ModuleFinder$1 done
Event: 0.074 loading class java/util/LinkedHashSet
Event: 0.074 loading class java/util/LinkedHashSet done
Event: 0.074 Executing VM operation: HandshakeAllThreads
Event: 0.074 Executing VM operation: HandshakeAllThreads done


Dynamic libraries:
0x00007ff64b7f0000 - 0x00007ff64b7f7000 	C:\Program Files\Java\jdk-14.0.1\bin\javac.exe
0x00007ffe80970000 - 0x00007ffe80b66000 	C:\WINDOWS\SYSTEM32\ntdll.dll
0x00007ffe7e9d0000 - 0x00007ffe7ea8d000 	C:\WINDOWS\System32\KERNEL32.DLL
0x00007ffe7e470000 - 0x00007ffe7e738000 	C:\WINDOWS\System32\KERNELBASE.dll
0x00007ffe7e8a0000 - 0x00007ffe7e9a0000 	C:\WINDOWS\System32\ucrtbase.dll
0x00007ffe71de0000 - 0x00007ffe71df5000 	C:\Program Files\Java\jdk-14.0.1\bin\VCRUNTIME140.dll
0x00007ffe790b0000 - 0x00007ffe790c8000 	C:\Program Files\Java\jdk-14.0.1\bin\jli.dll
0x00007ffe7f4b0000 - 0x00007ffe7f55c000 	C:\WINDOWS\System32\ADVAPI32.dll
0x00007ffe80720000 - 0x00007ffe807be000 	C:\WINDOWS\System32\msvcrt.dll
0x00007ffe7ffd0000 - 0x00007ffe8006b000 	C:\WINDOWS\System32\sechost.dll
0x00007ffe800d0000 - 0x00007ffe801f4000 	C:\WINDOWS\System32\RPCRT4.dll
0x00007ffe673b0000 - 0x00007ffe6764b000 	C:\WINDOWS\WinSxS\amd64_microsoft.windows.common-controls_6595b64144ccf1df_6.0.19041.488_none_ca04af081b815d21\COMCTL32.dll
0x00007ffe7f310000 - 0x00007ffe7f4b0000 	C:\WINDOWS\System32\USER32.dll
0x00007ffe7e9a0000 - 0x00007ffe7e9c2000 	C:\WINDOWS\System32\win32u.dll
0x00007ffe7f7c0000 - 0x00007ffe7f7ea000 	C:\WINDOWS\System32\GDI32.dll
0x00007ffe7e790000 - 0x00007ffe7e899000 	C:\WINDOWS\System32\gdi32full.dll
0x00007ffe7e190000 - 0x00007ffe7e22d000 	C:\WINDOWS\System32\msvcp_win.dll
0x00007ffe75b30000 - 0x00007ffe75b3a000 	C:\WINDOWS\SYSTEM32\VERSION.dll
0x00007ffe7f910000 - 0x00007ffe7f940000 	C:\WINDOWS\System32\IMM32.DLL
0x00007ffe647a0000 - 0x00007ffe6483b000 	C:\Program Files\Java\jdk-14.0.1\bin\msvcp140.dll
0x00007ffe3e1b0000 - 0x00007ffe3ecce000 	C:\Program Files\Java\jdk-14.0.1\bin\server\jvm.dll
0x00007ffe80920000 - 0x00007ffe80928000 	C:\WINDOWS\System32\PSAPI.DLL
0x00007ffe79510000 - 0x00007ffe79519000 	C:\WINDOWS\SYSTEM32\WSOCK32.dll
0x00007ffe671a0000 - 0x00007ffe671c7000 	C:\WINDOWS\SYSTEM32\WINMM.dll
0x00007ffe80650000 - 0x00007ffe806bb000 	C:\WINDOWS\System32\WS2_32.dll
0x00007ffe7c9e0000 - 0x00007ffe7c9f2000 	C:\WINDOWS\SYSTEM32\kernel.appcore.dll
0x00007ffe6dd80000 - 0x00007ffe6dd8a000 	C:\Program Files\Java\jdk-14.0.1\bin\jimage.dll
0x00007ffe7bf00000 - 0x00007ffe7c0e4000 	C:\WINDOWS\SYSTEM32\DBGHELP.DLL
0x00007ffe63750000 - 0x00007ffe6377c000 	C:\WINDOWS\SYSTEM32\dbgcore.DLL
0x00007ffe7e3f0000 - 0x00007ffe7e46f000 	C:\WINDOWS\System32\bcryptPrimitives.dll
0x00007ffe6d5b0000 - 0x00007ffe6d5d5000 	C:\Program Files\Java\jdk-14.0.1\bin\java.dll
0x00007ffe6d480000 - 0x00007ffe6d496000 	C:\Program Files\Java\jdk-14.0.1\bin\zip.dll
0x00007ffe7ebc0000 - 0x00007ffe7f301000 	C:\WINDOWS\System32\SHELL32.dll
0x00007ffe7c0f0000 - 0x00007ffe7c885000 	C:\WINDOWS\SYSTEM32\windows.storage.dll
0x00007ffe80280000 - 0x00007ffe805d5000 	C:\WINDOWS\System32\combase.dll
0x00007ffe7dab0000 - 0x00007ffe7dadc000 	C:\WINDOWS\SYSTEM32\Wldp.dll
0x00007ffe7f710000 - 0x00007ffe7f7be000 	C:\WINDOWS\System32\SHCORE.dll
0x00007ffe807c0000 - 0x00007ffe80815000 	C:\WINDOWS\System32\shlwapi.dll
0x00007ffe7dfe0000 - 0x00007ffe7e006000 	C:\WINDOWS\SYSTEM32\profapi.dll

dbghelp: loaded successfully - version: 4.0.5 - missing functions: none
symbol engine: initialized successfully - sym options: 0x614 - pdb path: .;C:\Program Files\Java\jdk-14.0.1\bin;C:\WINDOWS\SYSTEM32;C:\WINDOWS\WinSxS\amd64_microsoft.windows.common-controls_6595b64144ccf1df_6.0.19041.488_none_ca04af081b815d21;C:\Program Files\Java\jdk-14.0.1\bin\server

VM Arguments:
jvm_args: -Dapplication.home=C:\Program Files\Java\jdk-14.0.1 --add-modules=ALL-DEFAULT -Xms8m -Djdk.module.main=jdk.compiler 
java_command: jdk.compiler/com.sun.tools.javac.Main -d E:\2nd year\1ST SEM\BSC\ICTC 2101.3 - OOP\java programming\Group6_InventoryManagementSystem\build\classes -classpath E:\2nd year\1ST SEM\BSC\ICTC 2101.3 - OOP\java programming\Group6_InventoryManagementSystem\build\classes;C:\Program Files (x86)\MySQL\Connector J 8.0\mysql-connector-java-8.0.22.jar -sourcepath E:\2nd year\1ST SEM\BSC\ICTC 2101.3 - OOP\java programming\Group6_InventoryManagementSystem\src -target 12 -encoding UTF-8 -g -processorpath C:\mysql-connector-java-8.0.12.jar;C:\Program Files (x86)\MySQL\Connector J 8.0\mysql-connector-java-8.0.22.jar;E:\2nd year\1ST SEM\BSC\ICTC 2101.3 - OOP\java programming\Group6_InventoryManagementSystem\build\empty -s E:\2nd year\1ST SEM\BSC\ICTC 2101.3 - OOP\java programming\Group6_InventoryManagementSystem\build\generated-sources\ap-source-output -source 12 E:\2nd year\1ST SEM\BSC\ICTC 2101.3 - OOP\java programming\Group6_InventoryManagementSystem\src\category.java
java_class_path (initial): <not set>
Launcher Type: SUN_STANDARD

[Global flags]
     intx CICompilerCount                          = 3                                         {product} {ergonomic}
     uint ConcGCThreads                            = 1                                         {product} {ergonomic}
     uint G1ConcRefinementThreads                  = 4                                         {product} {ergonomic}
   size_t G1HeapRegionSize                         = 1048576                                   {product} {ergonomic}
    uintx GCDrainStackTargetSize                   = 64                                        {product} {ergonomic}
   size_t InitialHeapSize                          = 8388608                                   {product} {command line}
   size_t MarkStackSize                            = 4194304                                   {product} {ergonomic}
   size_t MaxHeapSize                              = 1012924416                                {product} {ergonomic}
   size_t MaxNewSize                               = 607125504                                 {product} {ergonomic}
   size_t MinHeapDeltaBytes                        = 1048576                                   {product} {ergonomic}
   size_t MinHeapSize                              = 8388608                                   {product} {command line}
    uintx NonNMethodCodeHeapSize                   = 5832780                                {pd product} {ergonomic}
    uintx NonProfiledCodeHeapSize                  = 122912730                              {pd product} {ergonomic}
    uintx ProfiledCodeHeapSize                     = 122912730                              {pd product} {ergonomic}
    uintx ReservedCodeCacheSize                    = 251658240                              {pd product} {ergonomic}
     bool SegmentedCodeCache                       = true                                      {product} {ergonomic}
   size_t SoftMaxHeapSize                          = 1012924416                             {manageable} {ergonomic}
     bool UseCompressedClassPointers               = true                                 {lp64_product} {ergonomic}
     bool UseCompressedOops                        = true                                 {lp64_product} {ergonomic}
     bool UseG1GC                                  = true                                      {product} {ergonomic}
     bool UseLargePagesIndividualAllocation        = false                                  {pd product} {ergonomic}

Logging:
Log output configuration:
 #0: stdout all=warning uptime,level,tags
 #1: stderr all=off uptime,level,tags

Environment Variables:
JAVA_HOME=C:\Program Files\Java\jdk-14.0.1
PATH=C:\WINDOWS\system32;C:\WINDOWS;C:\WINDOWS\System32\Wbem;C:\WINDOWS\System32\WindowsPowerShell\v1.0\;C:\WINDOWS\System32\OpenSSH\;C:\Program Files (x86)\Microsoft SQL Server\100\Tools\Binn\;C:\Program Files\Microsoft SQL Server\100\Tools\Binn\;C:\Program Files\Microsoft SQL Server\100\DTS\Binn\;C:\Program Files (x86)\Microsoft SQL Server\150\Tools\Binn\;C:\Program Files\Microsoft SQL Server\150\Tools\Binn\;C:\Program Files (x86)\Microsoft SQL Server\150\DTS\Binn\;C:\Program Files\Microsoft SQL Server\150\DTS\Binn\;C:\Program Files\Microsoft SQL Server\Client SDK\ODBC\170\Tools\Binn\;C:\Program Files\Java\jdk-14.0.1\bin;C:\Program Files\nodejs\;C:\ProgramData\chocolatey\bin;C:\Program Files\Java\jdk-14.0.1;C:\Users\User\AppData\Local\Android\Sdk\platform-tools;C:\Users\User\AppData\Local\Android\Sdk\;C:\Program Files\Git\cmd;C:\Program Files\MySQL\MySQL Shell 8.0\bin\;C:\Users\User\AppData\Local\Programs\Python\Python37\Scripts\;C:\Users\User\AppData\Local\Programs\Python\Python37\;C:\Users\User\AppData\Local\Microsoft\WindowsApps;C:\Users\User\AppData\Roaming\npm;C:\Users\User\AppData\Local\Programs\Microsoft VS Code\bin;C:\Users\User\AppData\Local\GitHubDesktop\bin;C:\xampp\mysql\bin;
USERNAME=User
OS=Windows_NT
PROCESSOR_IDENTIFIER=Intel64 Family 6 Model 126 Stepping 5, GenuineIntel



---------------  S Y S T E M  ---------------

OS: Windows 10 , 64 bit Build 19041 (10.0.19041.546)
OS uptime: 1 days 1:59 hours

CPU:total 4 (initial active 4) (2 cores per cpu, 2 threads per core) family 6 model 126 stepping 5, cmov, cx8, fxsr, mmx, sse, sse2, sse3, ssse3, sse4.1, sse4.2, popcnt, avx, avx2, aes, clmul, erms, 3dnowpref, lzcnt, ht, tsc, tscinvbit, bmi1, bmi2, adx, evex, sha, fma

Memory: 4k page, system-wide physical 3863M (384M free)
TotalPageFile size 15639M (AvailPageFile size 2M)
current process WorkingSet (physical memory assigned to process): 27M, peak: 27M
current process commit charge ("private bytes"): 76M, peak: 76M

vm_info: Java HotSpot(TM) 64-Bit Server VM (14.0.1+7) for windows-amd64 JRE (14.0.1+7), built on Mar  5 2020 10:30:14 by "mach5one" with MS VC++ 15.9 (VS2017)

END.
