#
# There is insufficient memory for the Java Runtime Environment to continue.
# Native memory allocation (malloc) failed to allocate 107712 bytes for Chunk::new
# Possible reasons:
#   The system is out of physical RAM or swap space
#   The process is running with CompressedOops enabled, and the Java Heap may be blocking the growth of the native heap
# Possible solutions:
#   Reduce memory load on the system
#   Increase physical memory or swap space
#   Check if swap backing store is full
#   Decrease Java heap size (-Xmx/-Xms)
#   Decrease number of Java threads
#   Decrease Java thread stack sizes (-Xss)
#   Set larger code cache with -XX:ReservedCodeCacheSize=
#   JVM is running with Unscaled Compressed Oops mode in which the Java heap is
#     placed in the first 4GB address space. The Java Heap base address is the
#     maximum limit for the native heap growth. Please use -XX:HeapBaseMinAddress
#     to set the Java Heap base and to place the Java Heap above 4GB virtual address.
# This output file may be truncated or incomplete.
#
#  Out of Memory Error (./open/src/hotspot/share/memory/arena.cpp:195), pid=12332, tid=7020
#
# JRE version: Java(TM) SE Runtime Environment (14.0.1+7) (build 14.0.1+7)
# Java VM: Java HotSpot(TM) 64-Bit Server VM (14.0.1+7, mixed mode, sharing, tiered, compressed oops, g1 gc, windows-amd64)
# No core dump will be written. Minidumps are not enabled by default on client versions of Windows
#

---------------  S U M M A R Y ------------

Command Line: -Dapplication.home=C:\Program Files\Java\jdk-14.0.1 --add-modules=ALL-DEFAULT -Xms8m -Djdk.module.main=jdk.compiler jdk.compiler/com.sun.tools.javac.Main -d E:\2nd year\1ST SEM\BSC\ICTC 2101.3 - OOP\java programming\Group6_InventoryManagementSystem\build\classes -classpath E:\2nd year\1ST SEM\BSC\ICTC 2101.3 - OOP\java programming\Group6_InventoryManagementSystem\build\classes;C:\Program Files (x86)\MySQL\Connector J 8.0\mysql-connector-java-8.0.22.jar -sourcepath E:\2nd year\1ST SEM\BSC\ICTC 2101.3 - OOP\java programming\Group6_InventoryManagementSystem\src -target 12 -encoding UTF-8 -g -processorpath C:\mysql-connector-java-8.0.12.jar;C:\Program Files (x86)\MySQL\Connector J 8.0\mysql-connector-java-8.0.22.jar;E:\2nd year\1ST SEM\BSC\ICTC 2101.3 - OOP\java programming\Group6_InventoryManagementSystem\build\empty -s E:\2nd year\1ST SEM\BSC\ICTC 2101.3 - OOP\java programming\Group6_InventoryManagementSystem\build\generated-sources\ap-source-output -source 12 E:\2nd year\1ST SEM\BSC\ICTC 2101.3 - OOP\java programming\Group6_InventoryManagementSystem\src\category.java

Host: Intel(R) Core(TM) i3-1005G1 CPU @ 1.20GHz, 4 cores, 3G,  Windows 10 , 64 bit Build 19041 (10.0.19041.546)
Time: Mon Dec 14 02:51:41 2020 Sri Lanka Standard Time elapsed time: 0 seconds (0d 0h 0m 0s)

---------------  T H R E A D  ---------------

Current thread (0x00000274eeda2000):  JavaThread "C2 CompilerThread0" daemon [_thread_in_native, id=7020, stack(0x000000a374c00000,0x000000a374d00000)]


Current CompileTask:
C2:    510  513       4       java.lang.StringLatin1::replace (198 bytes)

Stack: [0x000000a374c00000,0x000000a374d00000]
Native frames: (J=compiled Java code, j=interpreted, Vv=VM code, C=native code)
V  [jvm.dll+0x5f840a]
V  [jvm.dll+0x741e4a]
V  [jvm.dll+0x7435ff]
V  [jvm.dll+0x743c43]
V  [jvm.dll+0x20d288]
V  [jvm.dll+0xabb07]
V  [jvm.dll+0xac1fc]
V  [jvm.dll+0x31c4c5]
V  [jvm.dll+0x2e6b48]
V  [jvm.dll+0x2e5f4a]
V  [jvm.dll+0x1e5e16]
V  [jvm.dll+0x1e50b8]
V  [jvm.dll+0x1779cc]
V  [jvm.dll+0x1f4105]
V  [jvm.dll+0x1f22eb]
V  [jvm.dll+0x706a9d]
V  [jvm.dll+0x6ff8ba]
V  [jvm.dll+0x5f72c6]
C  [ucrtbase.dll+0x214c2]
C  [KERNEL32.DLL+0x17034]
C  [ntdll.dll+0x4cec1]


---------------  P R O C E S S  ---------------

Threads class SMR info:
_java_thread_list=0x00000274ef3c9980, length=11, elements={
0x00000274d2588800, 0x00000274d264e800, 0x00000274d2653000, 0x00000274d266b800,
0x00000274d266e800, 0x00000274eeda1000, 0x00000274eeda2000, 0x00000274eeda5000,
0x00000274eede1800, 0x00000274eee7e000, 0x00000274ef424800
}

Java Threads: ( => current thread )
  0x00000274d2588800 JavaThread "main" [_thread_blocked, id=10744, stack(0x000000a374000000,0x000000a374100000)]
  0x00000274d264e800 JavaThread "Reference Handler" daemon [_thread_blocked, id=16900, stack(0x000000a374700000,0x000000a374800000)]
  0x00000274d2653000 JavaThread "Finalizer" daemon [_thread_blocked, id=16208, stack(0x000000a374800000,0x000000a374900000)]
  0x00000274d266b800 JavaThread "Signal Dispatcher" daemon [_thread_blocked, id=5200, stack(0x000000a374900000,0x000000a374a00000)]
  0x00000274d266e800 JavaThread "Attach Listener" daemon [_thread_blocked, id=4472, stack(0x000000a374a00000,0x000000a374b00000)]
  0x00000274eeda1000 JavaThread "Service Thread" daemon [_thread_blocked, id=9624, stack(0x000000a374b00000,0x000000a374c00000)]
=>0x00000274eeda2000 JavaThread "C2 CompilerThread0" daemon [_thread_in_native, id=7020, stack(0x000000a374c00000,0x000000a374d00000)]
  0x00000274eeda5000 JavaThread "C1 CompilerThread0" daemon [_thread_blocked, id=11960, stack(0x000000a374d00000,0x000000a374e00000)]
  0x00000274eede1800 JavaThread "Sweeper thread" daemon [_thread_blocked, id=17500, stack(0x000000a374e00000,0x000000a374f00000)]
  0x00000274eee7e000 JavaThread "Common-Cleaner" daemon [_thread_blocked, id=12396, stack(0x000000a374f00000,0x000000a375000000)]
  0x00000274ef424800 JavaThread "Notification Thread" daemon [_thread_blocked, id=16096, stack(0x000000a375000000,0x000000a375100000)]

Other Threads:
  0x00000274d264a000 VMThread "VM Thread" [stack: 0x000000a374600000,0x000000a374700000] [id=6104]
  0x00000274ef429800 WatcherThread [stack: 0x000000a375100000,0x000000a375200000] [id=7000]
  0x00000274d25bb800 GCTaskThread "GC Thread#0" [stack: 0x000000a374100000,0x000000a374200000] [id=14952]
  0x00000274ef578800 GCTaskThread "GC Thread#1" [stack: 0x000000a375200000,0x000000a375300000] [id=18224]
  0x00000274d25c5000 ConcurrentGCThread "G1 Main Marker" [stack: 0x000000a374200000,0x000000a374300000] [id=15468]
  0x00000274d25c6000 ConcurrentGCThread "G1 Conc#0" [stack: 0x000000a374300000,0x000000a374400000] [id=15604]
  0x00000274d25e2800 ConcurrentGCThread "G1 Refine#0" [stack: 0x000000a374400000,0x000000a374500000] [id=1544]
  0x00000274d25e4000 ConcurrentGCThread "G1 Young RemSet Sampling" [stack: 0x000000a374500000,0x000000a374600000] [id=17596]

Threads with active compile tasks:
C2 CompilerThread0      528  513       4       java.lang.StringLatin1::replace (198 bytes)
C1 CompilerThread0      528  523       3       sun.net.util.URLUtil::urlNoFragString (114 bytes)

VM state:at safepoint (normal execution)

VM Mutex/Monitor currently owned by a thread:  ([mutex/lock_event])
[0x00000274d2584730] Threads_lock - owner thread: 0x00000274d264a000
[0x00000274d25847c0] Heap_lock - owner thread: 0x00000274d2588800

Heap address: 0x00000000c3a00000, size: 966 MB, Compressed Oops mode: 32-bit
Narrow klass base: 0x0000000800000000, Narrow klass shift: 3
Compressed class space size: 1073741824 Address: 0x0000000800b30000

Heap:
 garbage-first heap   total 8192K, used 1931K [0x00000000c3a00000, 0x0000000100000000)
  region size 1024K, 1 young (1024K), 1 survivors (1024K)
 Metaspace       used 4508K, capacity 4945K, committed 4992K, reserved 1075200K
  class space    used 577K, capacity 887K, committed 896K, reserved 1048576K
Heap Regions: E=young(eden), S=young(survivor), O=old, HS=humongous(starts), HC=humongous(continues), CS=collection set, F=free, OA=open archive, CA=closed archive, TAMS=top-at-mark-start (previous, next)
|   0|0x00000000c3a00000, 0x00000000c3b00000, 0x00000000c3b00000|100%| O|  |TAMS 0x00000000c3a00000, 0x00000000c3b00000| Untracked 
|   1|0x00000000c3b00000, 0x00000000c3b3bc00, 0x00000000c3c00000| 23%| O|  |TAMS 0x00000000c3b00000, 0x00000000c3b3bc00| Untracked 
|   2|0x00000000c3c00000, 0x00000000c3c00000, 0x00000000c3d00000|  0%| F|  |TAMS 0x00000000c3c00000, 0x00000000c3c00000| Untracked 
|   3|0x00000000c3d00000, 0x00000000c3d00000, 0x00000000c3e00000|  0%| F|  |TAMS 0x00000000c3d00000, 0x00000000c3d00000| Untracked 
|   4|0x00000000c3e00000, 0x00000000c3e00000, 0x00000000c3f00000|  0%| F|  |TAMS 0x00000000c3e00000, 0x00000000c3e00000| Untracked 
|   5|0x00000000c3f00000, 0x00000000c3fa7200, 0x00000000c4000000| 65%| S|CS|TAMS 0x00000000c3f00000, 0x00000000c3f00000| Complete 
|   6|0x00000000c4000000, 0x00000000c4000000, 0x00000000c4100000|  0%| F|  |TAMS 0x00000000c4000000, 0x00000000c4000000| Untracked 
|   7|0x00000000c4100000, 0x00000000c4100000, 0x00000000c4200000|  0%| F|  |TAMS 0x00000000c4100000, 0x00000000c4100000| Untracked 

Card table byte_map: [0x00000274e9f30000,0x00000274ea120000] _byte_map_base: 0x00000274e9913000

Marking Bits (Prev, Next): (CMBitMap*) 0x00000274d25bc108, (CMBitMap*) 0x00000274d25bc148
 Prev Bits: [0x00000274ea310000, 0x00000274eb228000)
 Next Bits: [0x00000274eb230000, 0x00000274ec148000)

Polling page: 0x00000274d1d70000

Metaspace:

Usage:
  Non-class:      3.96 MB capacity,     3.84 MB ( 97%) used,   115.70 KB (  3%) free+waste,    11.75 KB ( <1%) overhead. 
      Class:    887.00 KB capacity,   577.89 KB ( 65%) used,   303.30 KB ( 34%) free+waste,     5.81 KB ( <1%) overhead. 
       Both:      4.83 MB capacity,     4.40 MB ( 91%) used,   418.99 KB (  8%) free+waste,    17.56 KB ( <1%) overhead. 

Virtual space:
  Non-class space:       26.00 MB reserved,       4.00 MB ( 15%) committed 
      Class space:        1.00 GB reserved,     896.00 KB ( <1%) committed 
             Both:        1.03 GB reserved,       4.88 MB ( <1%) committed 

Chunk freelists:
   Non-Class:  38.00 KB
       Class:  9.00 KB
        Both:  47.00 KB

MaxMetaspaceSize: 17179869184.00 GB
CompressedClassSpaceSize: 1.00 GB

CodeHeap 'non-profiled nmethods': size=120000Kb used=162Kb max_used=162Kb free=119837Kb
 bounds [0x00000274e2810000, 0x00000274e2a80000, 0x00000274e9d40000]
CodeHeap 'profiled nmethods': size=120000Kb used=766Kb max_used=766Kb free=119233Kb
 bounds [0x00000274db2e0000, 0x00000274db550000, 0x00000274e2810000]
CodeHeap 'non-nmethods': size=5760Kb used=1143Kb max_used=1154Kb free=4616Kb
 bounds [0x00000274dad40000, 0x00000274dafb0000, 0x00000274db2e0000]
 total_blobs=1265 nmethods=518 adapters=290
 compilation: enabled
              stopped_count=0, restarted_count=0
 full_count=0

Compilation events (20 events):
Event: 0.466 Thread 0x00000274eeda5000 nmethod 505 0x00000274db397b90 code [0x00000274db397d40, 0x00000274db397fe8]
Event: 0.466 Thread 0x00000274eeda5000  506       3       java.security.CodeSource::matchCerts (254 bytes)
Event: 0.466 Thread 0x00000274eeda5000 nmethod 506 0x00000274db398110 code [0x00000274db398340, 0x00000274db398eb8]
Event: 0.472 Thread 0x00000274eeda5000  507       3       java.security.SecureClassLoader::getProtectionDomain (38 bytes)
Event: 0.472 Thread 0x00000274eeda5000 nmethod 507 0x00000274db399290 code [0x00000274db399480, 0x00000274db399b28]
Event: 0.472 Thread 0x00000274eeda5000  508       3       java.lang.ClassLoader::defineClass (108 bytes)
Event: 0.473 Thread 0x00000274eeda5000 nmethod 508 0x00000274db399d10 code [0x00000274db399fe0, 0x00000274db39afb8]
Event: 0.476 Thread 0x00000274eeda2000  509       4       java.lang.String::regionMatches (189 bytes)
Event: 0.478 Thread 0x00000274eeda2000 nmethod 509 0x00000274e2836690 code [0x00000274e28368a0, 0x00000274e2836c98]
Event: 0.478 Thread 0x00000274eeda2000  510       4       java.nio.Buffer::limit (74 bytes)
Event: 0.479 Thread 0x00000274eeda2000 nmethod 510 0x00000274e2836f10 code [0x00000274e28370c0, 0x00000274e28371f8]
Event: 0.488 Thread 0x00000274eeda2000  511       4       java.lang.AbstractStringBuilder::append (45 bytes)
Event: 0.492 Thread 0x00000274eeda2000 nmethod 511 0x00000274e2837310 code [0x00000274e2837520, 0x00000274e2837c18]
Event: 0.502 Thread 0x00000274eeda5000  512   !   3       jdk.internal.jimage.BasicImageReader::readBuffer (238 bytes)
Event: 0.502 Thread 0x00000274eeda2000  513       4       java.lang.StringLatin1::replace (198 bytes)
Event: 0.503 Thread 0x00000274eeda5000 nmethod 512 0x00000274db39b590 code [0x00000274db39b900, 0x00000274db39cf58]
Event: 0.503 Thread 0x00000274eeda5000  514       3       java.lang.invoke.MethodType::erase (8 bytes)
Event: 0.503 Thread 0x00000274eeda5000 nmethod 514 0x00000274db39d710 code [0x00000274db39d8a0, 0x00000274db39d9d8]
Event: 0.503 Thread 0x00000274eeda5000  516       3       java.lang.invoke.MethodType::toMethodDescriptorString (28 bytes)
Event: 0.503 Thread 0x00000274eeda5000 nmethod 516 0x00000274db39da90 code [0x00000274db39dc40, 0x00000274db39de48]

GC Heap History (4 events):
Event: 0.405 GC heap before
{Heap before GC invocations=0 (full 0):
 garbage-first heap   total 8192K, used 3072K [0x00000000c3a00000, 0x0000000100000000)
  region size 1024K, 3 young (3072K), 0 survivors (0K)
 Metaspace       used 2560K, capacity 3062K, committed 3200K, reserved 1060864K
  class space    used 298K, capacity 640K, committed 640K, reserved 1048576K
}
Event: 0.408 GC heap after
{Heap after GC invocations=1 (full 0):
 garbage-first heap   total 8192K, used 1274K [0x00000000c3a00000, 0x0000000100000000)
  region size 1024K, 1 young (1024K), 1 survivors (1024K)
 Metaspace       used 2560K, capacity 3062K, committed 3200K, reserved 1060864K
  class space    used 298K, capacity 640K, committed 640K, reserved 1048576K
}
Event: 0.461 GC heap before
{Heap before GC invocations=1 (full 0):
 garbage-first heap   total 8192K, used 1274K [0x00000000c3a00000, 0x0000000100000000)
  region size 1024K, 2 young (2048K), 1 survivors (1024K)
 Metaspace       used 3470K, capacity 3936K, committed 4224K, reserved 1067008K
  class space    used 449K, capacity 785K, committed 896K, reserved 1048576K
}
Event: 0.463 GC heap after
{Heap after GC invocations=2 (full 0):
 garbage-first heap   total 8192K, used 1673K [0x00000000c3a00000, 0x0000000100000000)
  region size 1024K, 1 young (1024K), 1 survivors (1024K)
 Metaspace       used 3470K, capacity 3936K, committed 4224K, reserved 1067008K
  class space    used 449K, capacity 785K, committed 896K, reserved 1048576K
}

Deoptimization events (12 events):
Event: 0.342 Thread 0x00000274d2588800 Uncommon trap: trap_request=0xffffffde fr.pc=0x00000274e281d3e0 relative=0x0000000000000480
Event: 0.342 Thread 0x00000274d2588800 Uncommon trap: reason=class_check action=maybe_recompile pc=0x00000274e281d3e0 method=java.util.HashMap.putVal(ILjava/lang/Object;Ljava/lang/Object;ZZ)Ljava/lang/Object; @ 253 c2
Event: 0.342 Thread 0x00000274d2588800 DEOPT PACKING pc=0x00000274e281d3e0 sp=0x000000a3740fe960
Event: 0.342 Thread 0x00000274d2588800 DEOPT UNPACKING pc=0x00000274dad4852f sp=0x000000a3740fe900 mode 2
Event: 0.342 Thread 0x00000274d2588800 Uncommon trap: trap_request=0xffffff45 fr.pc=0x00000274e281d8e4 relative=0x0000000000000984
Event: 0.342 Thread 0x00000274d2588800 Uncommon trap: reason=unstable_if action=reinterpret pc=0x00000274e281d8e4 method=java.util.HashMap.putVal(ILjava/lang/Object;Ljava/lang/Object;ZZ)Ljava/lang/Object; @ 181 c2
Event: 0.342 Thread 0x00000274d2588800 DEOPT PACKING pc=0x00000274e281d8e4 sp=0x000000a3740fe960
Event: 0.342 Thread 0x00000274d2588800 DEOPT UNPACKING pc=0x00000274dad4852f sp=0x000000a3740fe900 mode 2
Event: 0.383 Thread 0x00000274d2588800 Uncommon trap: trap_request=0xffffff45 fr.pc=0x00000274e281fa10 relative=0x0000000000000070
Event: 0.383 Thread 0x00000274d2588800 Uncommon trap: reason=unstable_if action=reinterpret pc=0x00000274e281fa10 method=java.nio.Buffer.hasRemaining()Z @ 8 c2
Event: 0.383 Thread 0x00000274d2588800 DEOPT PACKING pc=0x00000274e281fa10 sp=0x000000a3740fdfe0
Event: 0.383 Thread 0x00000274d2588800 DEOPT UNPACKING pc=0x00000274dad4852f sp=0x000000a3740fdf78 mode 2

Classes unloaded (0 events):
No events

Classes redefined (0 events):
No events

Internal exceptions (10 events):
Event: 0.368 Thread 0x00000274d2588800 Exception <a 'java/lang/NoSuchMethodError'{0x00000000c3f647f0}: 'java.lang.Object java.lang.invoke.DirectMethodHandle$Holder.invokeVirtual(java.lang.Object, java.lang.Object, java.lang.Object)'> (0x00000000c3f647f0) 
thrown [./open/src/hotspot/share/interpreter/linkResolver.cpp, line 766]
Event: 0.369 Thread 0x00000274d2588800 Exception <a 'java/lang/NoSuchMethodError'{0x00000000c3f6f6a0}: 'int java.lang.invoke.DirectMethodHandle$Holder.invokeInterface(java.lang.Object, java.lang.Object)'> (0x00000000c3f6f6a0) 
thrown [./open/src/hotspot/share/interpreter/linkResolver.cpp, line 766]
Event: 0.392 Thread 0x00000274d2588800 Exception <a 'sun/nio/fs/WindowsException'{0x00000000c3fc35a8}> (0x00000000c3fc35a8) 
thrown [./open/src/hotspot/share/prims/jni.cpp, line 599]
Event: 0.393 Thread 0x00000274d2588800 Exception <a 'sun/nio/fs/WindowsException'{0x00000000c3fc5bb8}> (0x00000000c3fc5bb8) 
thrown [./open/src/hotspot/share/prims/jni.cpp, line 599]
Event: 0.393 Thread 0x00000274d2588800 Exception <a 'sun/nio/fs/WindowsException'{0x00000000c3fc6518}> (0x00000000c3fc6518) 
thrown [./open/src/hotspot/share/prims/jni.cpp, line 599]
Event: 0.393 Thread 0x00000274d2588800 Exception <a 'sun/nio/fs/WindowsException'{0x00000000c3fc7378}> (0x00000000c3fc7378) 
thrown [./open/src/hotspot/share/prims/jni.cpp, line 599]
Event: 0.393 Thread 0x00000274d2588800 Exception <a 'sun/nio/fs/WindowsException'{0x00000000c3fc7760}> (0x00000000c3fc7760) 
thrown [./open/src/hotspot/share/prims/jni.cpp, line 599]
Event: 0.413 Thread 0x00000274d2588800 Exception <a 'java/lang/NoSuchMethodError'{0x00000000c4112e18}: 'void java.lang.invoke.DirectMethodHandle$Holder.invokeSpecial(java.lang.Object, java.lang.Object, java.lang.Object, java.lang.Object)'> (0x00000000c4112e18) 
thrown [./open/src/hotspot/share/interpreter/linkResolver.cpp, line 766]
Event: 0.414 Thread 0x00000274d2588800 Exception <a 'java/lang/NoSuchMethodError'{0x00000000c41191c8}: 'int java.lang.invoke.DirectMethodHandle$Holder.invokeVirtual(java.lang.Object, java.lang.Object, java.lang.Object)'> (0x00000000c41191c8) 
thrown [./open/src/hotspot/share/interpreter/linkResolver.cpp, line 766]
Event: 0.435 Thread 0x00000274d2588800 Exception <a 'java/lang/NoSuchMethodError'{0x00000000c415d908}: 'int java.lang.invoke.DirectMethodHandle$Holder.invokeSpecialIFC(java.lang.Object, java.lang.Object, int)'> (0x00000000c415d908) 
thrown [./open/src/hotspot/share/interpreter/linkResolver.cpp, line 766]

Events (20 events):
Event: 0.426 loading class java/lang/invoke/BoundMethodHandle$Species_LLLL
Event: 0.426 loading class java/lang/invoke/BoundMethodHandle$Species_LLLL done
Event: 0.428 loading class java/util/concurrent/Callable
Event: 0.428 loading class java/util/concurrent/Callable done
Event: 0.430 Executing VM operation: CollectForMetadataAllocation
Event: 0.430 Executing VM operation: CollectForMetadataAllocation done
Event: 0.434 loading class java/io/StringWriter
Event: 0.434 loading class java/io/StringWriter done
Event: 0.436 loading class java/util/regex/Pattern$Curly
Event: 0.436 loading class java/util/regex/Pattern$Curly done
Event: 0.436 loading class java/util/regex/Pattern$GroupCurly
Event: 0.436 loading class java/util/regex/Pattern$GroupCurly done
Event: 0.436 loading class java/util/regex/Pattern$StartS
Event: 0.436 loading class java/util/regex/Pattern$StartS done
Event: 0.460 Executing VM operation: G1CollectForAllocation
Event: 0.463 Executing VM operation: G1CollectForAllocation done
Event: 0.470 loading class java/nio/file/ClosedFileSystemException
Event: 0.470 loading class java/nio/file/ClosedFileSystemException done
Event: 0.470 loading class java/lang/ArrayIndexOutOfBoundsException
Event: 0.470 loading class java/lang/ArrayIndexOutOfBoundsException done


Dynamic libraries:
0x00007ff7d7220000 - 0x00007ff7d7227000 	C:\Program Files\Java\jdk-14.0.1\bin\javac.exe
0x00007ffe80970000 - 0x00007ffe80b66000 	C:\WINDOWS\SYSTEM32\ntdll.dll
0x00007ffe7e9d0000 - 0x00007ffe7ea8d000 	C:\WINDOWS\System32\KERNEL32.DLL
0x00007ffe7e470000 - 0x00007ffe7e738000 	C:\WINDOWS\System32\KERNELBASE.dll
0x00007ffe7e8a0000 - 0x00007ffe7e9a0000 	C:\WINDOWS\System32\ucrtbase.dll
0x00007ffe71de0000 - 0x00007ffe71df5000 	C:\Program Files\Java\jdk-14.0.1\bin\VCRUNTIME140.dll
0x00007ffe790b0000 - 0x00007ffe790c8000 	C:\Program Files\Java\jdk-14.0.1\bin\jli.dll
0x00007ffe7f4b0000 - 0x00007ffe7f55c000 	C:\WINDOWS\System32\ADVAPI32.dll
0x00007ffe80720000 - 0x00007ffe807be000 	C:\WINDOWS\System32\msvcrt.dll
0x00007ffe7ffd0000 - 0x00007ffe8006b000 	C:\WINDOWS\System32\sechost.dll
0x00007ffe800d0000 - 0x00007ffe801f4000 	C:\WINDOWS\System32\RPCRT4.dll
0x00007ffe7f310000 - 0x00007ffe7f4b0000 	C:\WINDOWS\System32\USER32.dll
0x00007ffe7e9a0000 - 0x00007ffe7e9c2000 	C:\WINDOWS\System32\win32u.dll
0x00007ffe7f7c0000 - 0x00007ffe7f7ea000 	C:\WINDOWS\System32\GDI32.dll
0x00007ffe7e790000 - 0x00007ffe7e899000 	C:\WINDOWS\System32\gdi32full.dll
0x00007ffe7e190000 - 0x00007ffe7e22d000 	C:\WINDOWS\System32\msvcp_win.dll
0x00007ffe673b0000 - 0x00007ffe6764b000 	C:\WINDOWS\WinSxS\amd64_microsoft.windows.common-controls_6595b64144ccf1df_6.0.19041.488_none_ca04af081b815d21\COMCTL32.dll
0x00007ffe75b30000 - 0x00007ffe75b3a000 	C:\WINDOWS\SYSTEM32\VERSION.dll
0x00007ffe7f910000 - 0x00007ffe7f940000 	C:\WINDOWS\System32\IMM32.DLL
0x00007ffe647a0000 - 0x00007ffe6483b000 	C:\Program Files\Java\jdk-14.0.1\bin\msvcp140.dll
0x00007ffe3e1b0000 - 0x00007ffe3ecce000 	C:\Program Files\Java\jdk-14.0.1\bin\server\jvm.dll
0x00007ffe80920000 - 0x00007ffe80928000 	C:\WINDOWS\System32\PSAPI.DLL
0x00007ffe79510000 - 0x00007ffe79519000 	C:\WINDOWS\SYSTEM32\WSOCK32.dll
0x00007ffe671a0000 - 0x00007ffe671c7000 	C:\WINDOWS\SYSTEM32\WINMM.dll
0x00007ffe80650000 - 0x00007ffe806bb000 	C:\WINDOWS\System32\WS2_32.dll
0x00007ffe7c9e0000 - 0x00007ffe7c9f2000 	C:\WINDOWS\SYSTEM32\kernel.appcore.dll
0x00007ffe6dd80000 - 0x00007ffe6dd8a000 	C:\Program Files\Java\jdk-14.0.1\bin\jimage.dll
0x00007ffe7bf00000 - 0x00007ffe7c0e4000 	C:\WINDOWS\SYSTEM32\DBGHELP.DLL
0x00007ffe63750000 - 0x00007ffe6377c000 	C:\WINDOWS\SYSTEM32\dbgcore.DLL
0x00007ffe7e3f0000 - 0x00007ffe7e46f000 	C:\WINDOWS\System32\bcryptPrimitives.dll
0x00007ffe6d5b0000 - 0x00007ffe6d5d5000 	C:\Program Files\Java\jdk-14.0.1\bin\java.dll
0x00007ffe6d480000 - 0x00007ffe6d496000 	C:\Program Files\Java\jdk-14.0.1\bin\zip.dll
0x00007ffe7ebc0000 - 0x00007ffe7f301000 	C:\WINDOWS\System32\SHELL32.dll
0x00007ffe7c0f0000 - 0x00007ffe7c885000 	C:\WINDOWS\SYSTEM32\windows.storage.dll
0x00007ffe80280000 - 0x00007ffe805d5000 	C:\WINDOWS\System32\combase.dll
0x00007ffe7dab0000 - 0x00007ffe7dadc000 	C:\WINDOWS\SYSTEM32\Wldp.dll
0x00007ffe7f710000 - 0x00007ffe7f7be000 	C:\WINDOWS\System32\SHCORE.dll
0x00007ffe807c0000 - 0x00007ffe80815000 	C:\WINDOWS\System32\shlwapi.dll
0x00007ffe7dfe0000 - 0x00007ffe7e006000 	C:\WINDOWS\SYSTEM32\profapi.dll
0x00007ffe6d300000 - 0x00007ffe6d319000 	C:\Program Files\Java\jdk-14.0.1\bin\net.dll
0x00007ffe6db90000 - 0x00007ffe6dc90000 	C:\WINDOWS\SYSTEM32\WINHTTP.dll
0x00007ffe7d830000 - 0x00007ffe7d89a000 	C:\WINDOWS\system32\mswsock.dll
0x00007ffe6d2e0000 - 0x00007ffe6d2f2000 	C:\Program Files\Java\jdk-14.0.1\bin\nio.dll

dbghelp: loaded successfully - version: 4.0.5 - missing functions: none
symbol engine: initialized successfully - sym options: 0x614 - pdb path: .;C:\Program Files\Java\jdk-14.0.1\bin;C:\WINDOWS\SYSTEM32;C:\WINDOWS\WinSxS\amd64_microsoft.windows.common-controls_6595b64144ccf1df_6.0.19041.488_none_ca04af081b815d21;C:\Program Files\Java\jdk-14.0.1\bin\server

VM Arguments:
jvm_args: -Dapplication.home=C:\Program Files\Java\jdk-14.0.1 --add-modules=ALL-DEFAULT -Xms8m -Djdk.module.main=jdk.compiler 
java_command: jdk.compiler/com.sun.tools.javac.Main -d E:\2nd year\1ST SEM\BSC\ICTC 2101.3 - OOP\java programming\Group6_InventoryManagementSystem\build\classes -classpath E:\2nd year\1ST SEM\BSC\ICTC 2101.3 - OOP\java programming\Group6_InventoryManagementSystem\build\classes;C:\Program Files (x86)\MySQL\Connector J 8.0\mysql-connector-java-8.0.22.jar -sourcepath E:\2nd year\1ST SEM\BSC\ICTC 2101.3 - OOP\java programming\Group6_InventoryManagementSystem\src -target 12 -encoding UTF-8 -g -processorpath C:\mysql-connector-java-8.0.12.jar;C:\Program Files (x86)\MySQL\Connector J 8.0\mysql-connector-java-8.0.22.jar;E:\2nd year\1ST SEM\BSC\ICTC 2101.3 - OOP\java programming\Group6_InventoryManagementSystem\build\empty -s E:\2nd year\1ST SEM\BSC\ICTC 2101.3 - OOP\java programming\Group6_InventoryManagementSystem\build\generated-sources\ap-source-output -source 12 E:\2nd year\1ST SEM\BSC\ICTC 2101.3 - OOP\java programming\Group6_InventoryManagementSystem\src\category.java
java_class_path (initial): <not set>
Launcher Type: SUN_STANDARD

[Global flags]
     intx CICompilerCount                          = 3                                         {product} {ergonomic}
     uint ConcGCThreads                            = 1                                         {product} {ergonomic}
     uint G1ConcRefinementThreads                  = 4                                         {product} {ergonomic}
   size_t G1HeapRegionSize                         = 1048576                                   {product} {ergonomic}
    uintx GCDrainStackTargetSize                   = 64                                        {product} {ergonomic}
   size_t InitialHeapSize                          = 8388608                                   {product} {command line}
   size_t MarkStackSize                            = 4194304                                   {product} {ergonomic}
   size_t MaxHeapSize                              = 1012924416                                {product} {ergonomic}
   size_t MaxNewSize                               = 607125504                                 {product} {ergonomic}
   size_t MinHeapDeltaBytes                        = 1048576                                   {product} {ergonomic}
   size_t MinHeapSize                              = 8388608                                   {product} {command line}
    uintx NonNMethodCodeHeapSize                   = 5832780                                {pd product} {ergonomic}
    uintx NonProfiledCodeHeapSize                  = 122912730                              {pd product} {ergonomic}
    uintx ProfiledCodeHeapSize                     = 122912730                              {pd product} {ergonomic}
    uintx ReservedCodeCacheSize                    = 251658240                              {pd product} {ergonomic}
     bool SegmentedCodeCache                       = true                                      {product} {ergonomic}
   size_t SoftMaxHeapSize                          = 1012924416                             {manageable} {ergonomic}
     bool UseCompressedClassPointers               = true                                 {lp64_product} {ergonomic}
     bool UseCompressedOops                        = true                                 {lp64_product} {ergonomic}
     bool UseG1GC                                  = true                                      {product} {ergonomic}
     bool UseLargePagesIndividualAllocation        = false                                  {pd product} {ergonomic}

Logging:
Log output configuration:
 #0: stdout all=warning uptime,level,tags
 #1: stderr all=off uptime,level,tags

Environment Variables:
JAVA_HOME=C:\Program Files\Java\jdk-14.0.1
PATH=C:\WINDOWS\system32;C:\WINDOWS;C:\WINDOWS\System32\Wbem;C:\WINDOWS\System32\WindowsPowerShell\v1.0\;C:\WINDOWS\System32\OpenSSH\;C:\Program Files (x86)\Microsoft SQL Server\100\Tools\Binn\;C:\Program Files\Microsoft SQL Server\100\Tools\Binn\;C:\Program Files\Microsoft SQL Server\100\DTS\Binn\;C:\Program Files (x86)\Microsoft SQL Server\150\Tools\Binn\;C:\Program Files\Microsoft SQL Server\150\Tools\Binn\;C:\Program Files (x86)\Microsoft SQL Server\150\DTS\Binn\;C:\Program Files\Microsoft SQL Server\150\DTS\Binn\;C:\Program Files\Microsoft SQL Server\Client SDK\ODBC\170\Tools\Binn\;C:\Program Files\Java\jdk-14.0.1\bin;C:\Program Files\nodejs\;C:\ProgramData\chocolatey\bin;C:\Program Files\Java\jdk-14.0.1;C:\Users\User\AppData\Local\Android\Sdk\platform-tools;C:\Users\User\AppData\Local\Android\Sdk\;C:\Program Files\Git\cmd;C:\Program Files\MySQL\MySQL Shell 8.0\bin\;C:\Users\User\AppData\Local\Programs\Python\Python37\Scripts\;C:\Users\User\AppData\Local\Programs\Python\Python37\;C:\Users\User\AppData\Local\Microsoft\WindowsApps;C:\Users\User\AppData\Roaming\npm;C:\Users\User\AppData\Local\Programs\Microsoft VS Code\bin;C:\Users\User\AppData\Local\GitHubDesktop\bin;C:\xampp\mysql\bin;
USERNAME=User
OS=Windows_NT
PROCESSOR_IDENTIFIER=Intel64 Family 6 Model 126 Stepping 5, GenuineIntel



---------------  S Y S T E M  ---------------

OS: Windows 10 , 64 bit Build 19041 (10.0.19041.546)
OS uptime: 1 days 2:02 hours

CPU:total 4 (initial active 4) (2 cores per cpu, 2 threads per core) family 6 model 126 stepping 5, cmov, cx8, fxsr, mmx, sse, sse2, sse3, ssse3, sse4.1, sse4.2, popcnt, avx, avx2, aes, clmul, erms, 3dnowpref, lzcnt, ht, tsc, tscinvbit, bmi1, bmi2, adx, evex, sha, fma

Memory: 4k page, system-wide physical 3863M (302M free)
TotalPageFile size 15639M (AvailPageFile size 0M)
current process WorkingSet (physical memory assigned to process): 45M, peak: 45M
current process commit charge ("private bytes"): 83M, peak: 84M

vm_info: Java HotSpot(TM) 64-Bit Server VM (14.0.1+7) for windows-amd64 JRE (14.0.1+7), built on Mar  5 2020 10:30:14 by "mach5one" with MS VC++ 15.9 (VS2017)

END.
